<?xml version="1.0" encoding="UTF-8"?>
<testsuite xmlns:xsi="http://www.w3.org/2001/XMLSchema-instance" xsi:noNamespaceSchemaLocation="https://maven.apache.org/surefire/maven-surefire-plugin/xsd/surefire-test-report.xsd" name="runner.com.br.TestRunner" time="3.051" tests="4" errors="0" skipped="0" failures="0">
  <properties>
[...]
</properties>
  <testcase name="Dado que envio um GET para o endPoint &quot;/api/OnlineChallenge/Make&quot;" classname="Cenario: API para recuperar marcas cadastradas na webmotors" time="0.001"/>
  <testcase name="E o Response Code me retorna status &quot;200&quot;" classname="Cenario: API para recuperar marcas cadastradas na webmotors" time="0"/>
  <testcase name="Então valido o Schema &quot;schemaMarcas&quot;" classname="Cenario: API para recuperar marcas cadastradas na webmotors" time="0"/>
  <testcase name="Cenario: API para recuperar marcas cadastradas na webmotors" classname="Cenario: API para recuperar marcas cadastradas na webmotors" time="0.002"/>
</testsuite>