<?xml version="1.0" encoding="UTF-8"?>
<testsuite xmlns:xsi="http://www.w3.org/2001/XMLSchema-instance" xsi:noNamespaceSchemaLocation="https://maven.apache.org/surefire/maven-surefire-plugin/xsd/surefire-test-report.xsd" name="runner.com.br.TestRunner" time="0.353" tests="66" errors="0" skipped="56" failures="0">
  <properties>
[...]
</properties>
  <testcase name="Dado que envio um GET para o endPoint &quot;/api/OnlineChallenge/Make&quot;" classname="Cenario: API para recuperar marcas cadastradas na webmotors" time="0">
    <skipped/>
    <system-out><![CDATA[#language: pt
#Autor: mandy.thiago2511@gmail.com
@GETS
Funcionalidade: Valida buscas realizadas
  Eu como usuario
  Quero validar as buscas de marca, modelo, versão e estoque
*** Iniciando os testes de API
]]></system-out>
  </testcase>
  <testcase name="E o Response Code me retorna status &quot;200&quot;" classname="Cenario: API para recuperar marcas cadastradas na webmotors" time="0">
    <skipped/>
  </testcase>
  <testcase name="Então valido o Schema" classname="Cenario: API para recuperar marcas cadastradas na webmotors" time="0">
    <skipped/>
  </testcase>
  <testcase name="Cenario: API para recuperar marcas cadastradas na webmotors" classname="Cenario: API para recuperar marcas cadastradas na webmotors" time="0">
    <skipped/>
    <system-out><![CDATA[*** Fim dos testes
]]></system-out>
  </testcase>
  <testcase name="Cenario: API para recuperar marcas cadastradas na webmotors" classname="Cenario: API para recuperar marcas cadastradas na webmotors" time="0.012"/>
  <testcase name="Dado que envio um GET para o endPoint &quot;/api/OnlineChallenge/Model&quot;" classname="Cenario: API para recuperar modelos cadastradas na webmotors" time="0">
    <skipped/>
    <system-out><![CDATA[*** Iniciando os testes de API

  @CT01 @POSITIVO
  Cenario: API para recuperar marcas cadastradas na webmotors         # GetAPIWebMotors.feature:9
    Dado que envio um GET para o endPoint "/api/OnlineChallenge/Make"
    E o Response Code me retorna status "200"
    Então valido o Schema
]]></system-out>
  </testcase>
  <testcase name="E envio o parâmetro &quot;MakeID&quot; com valor &quot;2&quot;" classname="Cenario: API para recuperar modelos cadastradas na webmotors" time="0">
    <skipped/>
  </testcase>
  <testcase name="E o Response Code me retorna status &quot;200&quot;" classname="Cenario: API para recuperar modelos cadastradas na webmotors" time="0">
    <skipped/>
  </testcase>
  <testcase name="Então valido o Schema" classname="Cenario: API para recuperar modelos cadastradas na webmotors" time="0">
    <skipped/>
  </testcase>
  <testcase name="Cenario: API para recuperar modelos cadastradas na webmotors" classname="Cenario: API para recuperar modelos cadastradas na webmotors" time="0">
    <skipped/>
    <system-out><![CDATA[*** Fim dos testes
]]></system-out>
  </testcase>
  <testcase name="Cenario: API para recuperar modelos cadastradas na webmotors" classname="Cenario: API para recuperar modelos cadastradas na webmotors" time="0.005"/>
  <testcase name="Dado que envio um GET para o endPoint &quot;/api/OnlineChallenge/Version&quot;" classname="Cenario: API para recuperar versões cadastradas na webmotors" time="0">
    <skipped/>
    <system-out><![CDATA[*** Iniciando os testes de API

  @CT02 @POSITIVO
  Cenario: API para recuperar modelos cadastradas na webmotors         # GetAPIWebMotors.feature:15
    Dado que envio um GET para o endPoint "/api/OnlineChallenge/Model"
    E envio o parâmetro "MakeID" com valor "2"
    E o Response Code me retorna status "200"
    Então valido o Schema
]]></system-out>
  </testcase>
  <testcase name="E envio o parâmetro &quot;ModelID&quot; com valor &quot;4&quot;" classname="Cenario: API para recuperar versões cadastradas na webmotors" time="0">
    <skipped/>
  </testcase>
  <testcase name="E o Response Code me retorna status &quot;200&quot;" classname="Cenario: API para recuperar versões cadastradas na webmotors" time="0">
    <skipped/>
  </testcase>
  <testcase name="Então valido o Schema" classname="Cenario: API para recuperar versões cadastradas na webmotors" time="0">
    <skipped/>
  </testcase>
  <testcase name="Cenario: API para recuperar versões cadastradas na webmotors" classname="Cenario: API para recuperar versões cadastradas na webmotors" time="0">
    <skipped/>
    <system-out><![CDATA[*** Fim dos testes
]]></system-out>
  </testcase>
  <testcase name="Cenario: API para recuperar versões cadastradas na webmotors" classname="Cenario: API para recuperar versões cadastradas na webmotors" time="0.004"/>
  <testcase name="Dado que envio um GET para o endPoint &quot;/api/OnlineChallenge/Vehicles&quot;" classname="| &quot;1&quot; | &quot;200&quot; | &quot;10&quot; |" time="0">
    <skipped/>
    <system-out><![CDATA[
  @CT03 @POSITIVO
  Cenario: API para recuperar versões cadastradas na webmotors           # GetAPIWebMotors.feature:22
    Dado que envio um GET para o endPoint "/api/OnlineChallenge/Version"
    E envio o parâmetro "ModelID" com valor "4"
    E o Response Code me retorna status "200"
    Então valido o Schema

  @CT04 @POSITIVO
  Esquema do Cenario: API para recuperar paginas dos veiculos cadastrados na webmotors # GetAPIWebMotors.feature:29
    Dado que envio um GET para o endPoint "/api/OnlineChallenge/Vehicles"
    E envio o parâmetro do numero da pagina <pagina>
    E deve ser retornado no Responde Code o Status Code <statusCode>
    E valido a quantidade de veiculos <quantidade>
    Então valido o Schema

    Exemplos: 
*** Iniciando os testes de API
]]></system-out>
  </testcase>
  <testcase name="E envio o parâmetro do numero da pagina &quot;1&quot;" classname="| &quot;1&quot; | &quot;200&quot; | &quot;10&quot; |" time="0">
    <skipped/>
  </testcase>
  <testcase name="E deve ser retornado no Responde Code o Status Code &quot;200&quot;" classname="| &quot;1&quot; | &quot;200&quot; | &quot;10&quot; |" time="0">
    <skipped/>
  </testcase>
  <testcase name="E valido a quantidade de veiculos &quot;10&quot;" classname="| &quot;1&quot; | &quot;200&quot; | &quot;10&quot; |" time="0">
    <skipped/>
  </testcase>
  <testcase name="Então valido o Schema" classname="| &quot;1&quot; | &quot;200&quot; | &quot;10&quot; |" time="0">
    <skipped/>
  </testcase>
  <testcase name="| &quot;1&quot; | &quot;200&quot; | &quot;10&quot; |" classname="| &quot;1&quot; | &quot;200&quot; | &quot;10&quot; |" time="0">
    <skipped/>
    <system-out><![CDATA[*** Fim dos testes
]]></system-out>
  </testcase>
  <testcase name="| &quot;1&quot; | &quot;200&quot; | &quot;10&quot; |" classname="| &quot;1&quot; | &quot;200&quot; | &quot;10&quot; |" time="0.004"/>
  <testcase name="Dado que envio um GET para o endPoint &quot;/api/OnlineChallenge/Vehicles&quot;" classname="| &quot;2&quot; | &quot;200&quot; | &quot;10&quot; |" time="0">
    <skipped/>
    <system-out><![CDATA[*** Iniciando os testes de API

  @CT04 @POSITIVO @GETS
  Esquema do Cenario: API para recuperar paginas dos veiculos cadastrados na webmotors # GetAPIWebMotors.feature:38
    Dado que envio um GET para o endPoint "/api/OnlineChallenge/Vehicles"
    E envio o parâmetro do numero da pagina "1"
    E deve ser retornado no Responde Code o Status Code "200"
    E valido a quantidade de veiculos "10"
    Então valido o Schema
]]></system-out>
  </testcase>
  <testcase name="E envio o parâmetro do numero da pagina &quot;2&quot;" classname="| &quot;2&quot; | &quot;200&quot; | &quot;10&quot; |" time="0">
    <skipped/>
  </testcase>
  <testcase name="E deve ser retornado no Responde Code o Status Code &quot;200&quot;" classname="| &quot;2&quot; | &quot;200&quot; | &quot;10&quot; |" time="0">
    <skipped/>
  </testcase>
  <testcase name="E valido a quantidade de veiculos &quot;10&quot;" classname="| &quot;2&quot; | &quot;200&quot; | &quot;10&quot; |" time="0">
    <skipped/>
  </testcase>
  <testcase name="Então valido o Schema" classname="| &quot;2&quot; | &quot;200&quot; | &quot;10&quot; |" time="0">
    <skipped/>
  </testcase>
  <testcase name="| &quot;2&quot; | &quot;200&quot; | &quot;10&quot; |" classname="| &quot;2&quot; | &quot;200&quot; | &quot;10&quot; |" time="0">
    <skipped/>
    <system-out><![CDATA[*** Fim dos testes
]]></system-out>
  </testcase>
  <testcase name="| &quot;2&quot; | &quot;200&quot; | &quot;10&quot; |" classname="| &quot;2&quot; | &quot;200&quot; | &quot;10&quot; |" time="0.004"/>
  <testcase name="Dado que envio um GET para o endPoint &quot;/api/OnlineChallenge/Vehicles&quot;" classname="| &quot;3&quot; | &quot;200&quot; | &quot;1&quot; |" time="0">
    <skipped/>
    <system-out><![CDATA[*** Iniciando os testes de API

  @CT04 @POSITIVO @GETS
  Esquema do Cenario: API para recuperar paginas dos veiculos cadastrados na webmotors # GetAPIWebMotors.feature:39
    Dado que envio um GET para o endPoint "/api/OnlineChallenge/Vehicles"
    E envio o parâmetro do numero da pagina "2"
    E deve ser retornado no Responde Code o Status Code "200"
    E valido a quantidade de veiculos "10"
    Então valido o Schema
]]></system-out>
  </testcase>
  <testcase name="E envio o parâmetro do numero da pagina &quot;3&quot;" classname="| &quot;3&quot; | &quot;200&quot; | &quot;1&quot; |" time="0">
    <skipped/>
  </testcase>
  <testcase name="E deve ser retornado no Responde Code o Status Code &quot;200&quot;" classname="| &quot;3&quot; | &quot;200&quot; | &quot;1&quot; |" time="0">
    <skipped/>
  </testcase>
  <testcase name="E valido a quantidade de veiculos &quot;1&quot;" classname="| &quot;3&quot; | &quot;200&quot; | &quot;1&quot; |" time="0">
    <skipped/>
  </testcase>
  <testcase name="Então valido o Schema" classname="| &quot;3&quot; | &quot;200&quot; | &quot;1&quot; |" time="0">
    <skipped/>
  </testcase>
  <testcase name="| &quot;3&quot; | &quot;200&quot; | &quot;1&quot; |" classname="| &quot;3&quot; | &quot;200&quot; | &quot;1&quot; |" time="0">
    <skipped/>
    <system-out><![CDATA[*** Fim dos testes
]]></system-out>
  </testcase>
  <testcase name="| &quot;3&quot; | &quot;200&quot; | &quot;1&quot; |" classname="| &quot;3&quot; | &quot;200&quot; | &quot;1&quot; |" time="0.003"/>
  <testcase name="Dado que envio um GET para o endPoint &quot;/api/OnlineChallenge/Model&quot;" classname="| &quot;/api/OnlineChallenge/Model&quot; | &quot;MakeID&quot; |" time="0">
    <skipped/>
    <system-out><![CDATA[
  @CT04 @POSITIVO @GETS
  Esquema do Cenario: API para recuperar paginas dos veiculos cadastrados na webmotors # GetAPIWebMotors.feature:40
    Dado que envio um GET para o endPoint "/api/OnlineChallenge/Vehicles"
    E envio o parâmetro do numero da pagina "3"
    E deve ser retornado no Responde Code o Status Code "200"
    E valido a quantidade de veiculos "1"
    Então valido o Schema

  @CT05 @NEGATIVO
  Esquema do Cenario: API que envia MakeID e ModelID com números inexistentes na base # GetAPIWebMotors.feature:43
    Dado que envio um GET para o endPoint <endPoint>
    E envio o parâmetro <Parametro> com valor "100"
    E o Response Code me retorna status "200"
    E valido Response Body vazio
    Então valido o Schema

    Exemplos: 
*** Iniciando os testes de API
]]></system-out>
  </testcase>
  <testcase name="E envio o parâmetro &quot;MakeID&quot; com valor &quot;100&quot;" classname="| &quot;/api/OnlineChallenge/Model&quot; | &quot;MakeID&quot; |" time="0">
    <skipped/>
  </testcase>
  <testcase name="E o Response Code me retorna status &quot;200&quot;" classname="| &quot;/api/OnlineChallenge/Model&quot; | &quot;MakeID&quot; |" time="0">
    <skipped/>
  </testcase>
  <testcase name="E valido Response Body vazio" classname="| &quot;/api/OnlineChallenge/Model&quot; | &quot;MakeID&quot; |" time="0">
    <skipped/>
  </testcase>
  <testcase name="Então valido o Schema" classname="| &quot;/api/OnlineChallenge/Model&quot; | &quot;MakeID&quot; |" time="0">
    <skipped/>
  </testcase>
  <testcase name="| &quot;/api/OnlineChallenge/Model&quot; | &quot;MakeID&quot; |" classname="| &quot;/api/OnlineChallenge/Model&quot; | &quot;MakeID&quot; |" time="0">
    <skipped/>
    <system-out><![CDATA[*** Fim dos testes
]]></system-out>
  </testcase>
  <testcase name="| &quot;/api/OnlineChallenge/Model&quot; | &quot;MakeID&quot; |" classname="| &quot;/api/OnlineChallenge/Model&quot; | &quot;MakeID&quot; |" time="0.003"/>
  <testcase name="Dado que envio um GET para o endPoint &quot;/api/OnlineChallenge/Version&quot;" classname="| &quot;/api/OnlineChallenge/Version&quot; | &quot;ModelID&quot; |" time="0">
    <skipped/>
    <system-out><![CDATA[*** Iniciando os testes de API

  @CT05 @NEGATIVO @GETS
  Esquema do Cenario: API que envia MakeID e ModelID com números inexistentes na base # GetAPIWebMotors.feature:52
    Dado que envio um GET para o endPoint "/api/OnlineChallenge/Model"
    E envio o parâmetro "MakeID" com valor "100"
    E o Response Code me retorna status "200"
    E valido Response Body vazio
    Então valido o Schema
]]></system-out>
  </testcase>
  <testcase name="E envio o parâmetro &quot;ModelID&quot; com valor &quot;100&quot;" classname="| &quot;/api/OnlineChallenge/Version&quot; | &quot;ModelID&quot; |" time="0">
    <skipped/>
  </testcase>
  <testcase name="E o Response Code me retorna status &quot;200&quot;" classname="| &quot;/api/OnlineChallenge/Version&quot; | &quot;ModelID&quot; |" time="0">
    <skipped/>
  </testcase>
  <testcase name="E valido Response Body vazio" classname="| &quot;/api/OnlineChallenge/Version&quot; | &quot;ModelID&quot; |" time="0">
    <skipped/>
  </testcase>
  <testcase name="Então valido o Schema" classname="| &quot;/api/OnlineChallenge/Version&quot; | &quot;ModelID&quot; |" time="0">
    <skipped/>
  </testcase>
  <testcase name="| &quot;/api/OnlineChallenge/Version&quot; | &quot;ModelID&quot; |" classname="| &quot;/api/OnlineChallenge/Version&quot; | &quot;ModelID&quot; |" time="0">
    <skipped/>
    <system-out><![CDATA[*** Fim dos testes
]]></system-out>
  </testcase>
  <testcase name="| &quot;/api/OnlineChallenge/Version&quot; | &quot;ModelID&quot; |" classname="| &quot;/api/OnlineChallenge/Version&quot; | &quot;ModelID&quot; |" time="0.003"/>
  <testcase name="Dado que envio um GET para o endPoint &quot;/api/OnlineChallenge/Model&quot;(| &quot;/api/OnlineChallenge/Model&quot; | &quot;MakeID&quot; | &quot;The request is invalid.&quot; | &quot;The parameters dictionary contains a null entry for parameter &apos;MakeID&apos; of non-nullable type &apos;System.Int32&apos; for method &apos;System.Collections.Generic.List`1[Swagger.Models.Model] Model" classname="Int32)&apos; in &apos;Swagger.Controllers.OnlineChallengeController&apos;. An optional parameter must be a reference type, a nullable type, or be declared as an optional parameter.&quot; |" time="0">
    <skipped/>
    <system-out><![CDATA[
  @CT05 @NEGATIVO @GETS
  Esquema do Cenario: API que envia MakeID e ModelID com números inexistentes na base # GetAPIWebMotors.feature:53
    Dado que envio um GET para o endPoint "/api/OnlineChallenge/Version"
    E envio o parâmetro "ModelID" com valor "100"
    E o Response Code me retorna status "200"
    E valido Response Body vazio
    Então valido o Schema

  @CT06 @NEGATIVO
  Esquema do Cenario: API que envia MakeID e ModelID inexistentes com letras # GetAPIWebMotors.feature:56
    Dado que envio um GET para o endPoint <endPoint>
    E envio o parâmetro <Parametro> com valor "L"
    E o Response Code me retorna status "400"
    E valido Response Body
    Então valido o Schema

    Exemplos: 
*** Iniciando os testes de API
]]></system-out>
  </testcase>
  <testcase name="E envio o parâmetro &quot;MakeID&quot; com valor &quot;L&quot;(| &quot;/api/OnlineChallenge/Model&quot; | &quot;MakeID&quot; | &quot;The request is invalid.&quot; | &quot;The parameters dictionary contains a null entry for parameter &apos;MakeID&apos; of non-nullable type &apos;System.Int32&apos; for method &apos;System.Collections.Generic.List`1[Swagger.Models.Model] Model" classname="Int32)&apos; in &apos;Swagger.Controllers.OnlineChallengeController&apos;. An optional parameter must be a reference type, a nullable type, or be declared as an optional parameter.&quot; |" time="0">
    <skipped/>
  </testcase>
  <testcase name="E o Response Code me retorna status &quot;400&quot;(| &quot;/api/OnlineChallenge/Model&quot; | &quot;MakeID&quot; | &quot;The request is invalid.&quot; | &quot;The parameters dictionary contains a null entry for parameter &apos;MakeID&apos; of non-nullable type &apos;System.Int32&apos; for method &apos;System.Collections.Generic.List`1[Swagger.Models.Model] Model" classname="Int32)&apos; in &apos;Swagger.Controllers.OnlineChallengeController&apos;. An optional parameter must be a reference type, a nullable type, or be declared as an optional parameter.&quot; |" time="0">
    <skipped/>
  </testcase>
  <testcase name="E valido Response Body(| &quot;/api/OnlineChallenge/Model&quot; | &quot;MakeID&quot; | &quot;The request is invalid.&quot; | &quot;The parameters dictionary contains a null entry for parameter &apos;MakeID&apos; of non-nullable type &apos;System.Int32&apos; for method &apos;System.Collections.Generic.List`1[Swagger.Models.Model] Model" classname="Int32)&apos; in &apos;Swagger.Controllers.OnlineChallengeController&apos;. An optional parameter must be a reference type, a nullable type, or be declared as an optional parameter.&quot; |" time="0">
    <skipped/>
  </testcase>
  <testcase name="Então valido o Schema(| &quot;/api/OnlineChallenge/Model&quot; | &quot;MakeID&quot; | &quot;The request is invalid.&quot; | &quot;The parameters dictionary contains a null entry for parameter &apos;MakeID&apos; of non-nullable type &apos;System.Int32&apos; for method &apos;System.Collections.Generic.List`1[Swagger.Models.Model] Model" classname="Int32)&apos; in &apos;Swagger.Controllers.OnlineChallengeController&apos;. An optional parameter must be a reference type, a nullable type, or be declared as an optional parameter.&quot; |" time="0">
    <skipped/>
  </testcase>
  <testcase name="| &quot;/api/OnlineChallenge/Model&quot; | &quot;MakeID&quot; | &quot;The request is invalid.&quot; | &quot;The parameters dictionary contains a null entry for parameter &apos;MakeID&apos; of non-nullable type &apos;System.Int32&apos; for method &apos;System.Collections.Generic.List`1[Swagger.Models.Model] Model" classname="| &quot;/api/OnlineChallenge/Model&quot; | &quot;MakeID&quot; | &quot;The request is invalid.&quot; | &quot;The parameters dictionary contains a null entry for parameter &apos;MakeID&apos; of non-nullable type &apos;System.Int32&apos; for method &apos;System.Collections.Generic.List`1[Swagger.Models.Model] Model(Int32)&apos; in &apos;Swagger.Controllers.OnlineChallengeController&apos;. An optional parameter must be a reference type, a nullable type, or be declared as an optional parameter.&quot; |" time="0">
    <skipped/>
    <system-out><![CDATA[*** Fim dos testes
]]></system-out>
  </testcase>
  <testcase name="| &quot;/api/OnlineChallenge/Model&quot; | &quot;MakeID&quot; | &quot;The request is invalid.&quot; | &quot;The parameters dictionary contains a null entry for parameter &apos;MakeID&apos; of non-nullable type &apos;System.Int32&apos; for method &apos;System.Collections.Generic.List`1[Swagger.Models.Model] Model" classname="| &quot;/api/OnlineChallenge/Model&quot; | &quot;MakeID&quot; | &quot;The request is invalid.&quot; | &quot;The parameters dictionary contains a null entry for parameter &apos;MakeID&apos; of non-nullable type &apos;System.Int32&apos; for method &apos;System.Collections.Generic.List`1[Swagger.Models.Model] Model(Int32)&apos; in &apos;Swagger.Controllers.OnlineChallengeController&apos;. An optional parameter must be a reference type, a nullable type, or be declared as an optional parameter.&quot; |" time="0.004"/>
  <testcase name="Dado que envio um GET para o endPoint &quot;/api/OnlineChallenge/Version&quot;(| &quot;/api/OnlineChallenge/Version&quot; | &quot;ModelID&quot; | &quot;The request is invalid.&quot; | &quot;The parameters dictionary contains a null entry for parameter &apos;ModelID&apos; of non-nullable type &apos;System.Int32&apos; for method &apos;System.Collections.Generic.List`1[Swagger.Models.Version] Version" classname="Int32)&apos; in &apos;Swagger.Controllers.OnlineChallengeController&apos;. An optional parameter must be a reference type, a nullable type, or be declared as an optional parameter.&quot; |" time="0">
    <skipped/>
    <system-out><![CDATA[*** Iniciando os testes de API

  @CT06 @NEGATIVO @GETS
  Esquema do Cenario: API que envia MakeID e ModelID inexistentes com letras # GetAPIWebMotors.feature:65
    Dado que envio um GET para o endPoint "/api/OnlineChallenge/Model"
    E envio o parâmetro "MakeID" com valor "L"
    E o Response Code me retorna status "400"
    E valido Response Body
    Então valido o Schema
]]></system-out>
  </testcase>
  <testcase name="E envio o parâmetro &quot;ModelID&quot; com valor &quot;L&quot;(| &quot;/api/OnlineChallenge/Version&quot; | &quot;ModelID&quot; | &quot;The request is invalid.&quot; | &quot;The parameters dictionary contains a null entry for parameter &apos;ModelID&apos; of non-nullable type &apos;System.Int32&apos; for method &apos;System.Collections.Generic.List`1[Swagger.Models.Version] Version" classname="Int32)&apos; in &apos;Swagger.Controllers.OnlineChallengeController&apos;. An optional parameter must be a reference type, a nullable type, or be declared as an optional parameter.&quot; |" time="0">
    <skipped/>
  </testcase>
  <testcase name="E o Response Code me retorna status &quot;400&quot;(| &quot;/api/OnlineChallenge/Version&quot; | &quot;ModelID&quot; | &quot;The request is invalid.&quot; | &quot;The parameters dictionary contains a null entry for parameter &apos;ModelID&apos; of non-nullable type &apos;System.Int32&apos; for method &apos;System.Collections.Generic.List`1[Swagger.Models.Version] Version" classname="Int32)&apos; in &apos;Swagger.Controllers.OnlineChallengeController&apos;. An optional parameter must be a reference type, a nullable type, or be declared as an optional parameter.&quot; |" time="0">
    <skipped/>
  </testcase>
  <testcase name="E valido Response Body(| &quot;/api/OnlineChallenge/Version&quot; | &quot;ModelID&quot; | &quot;The request is invalid.&quot; | &quot;The parameters dictionary contains a null entry for parameter &apos;ModelID&apos; of non-nullable type &apos;System.Int32&apos; for method &apos;System.Collections.Generic.List`1[Swagger.Models.Version] Version" classname="Int32)&apos; in &apos;Swagger.Controllers.OnlineChallengeController&apos;. An optional parameter must be a reference type, a nullable type, or be declared as an optional parameter.&quot; |" time="0">
    <skipped/>
  </testcase>
  <testcase name="Então valido o Schema(| &quot;/api/OnlineChallenge/Version&quot; | &quot;ModelID&quot; | &quot;The request is invalid.&quot; | &quot;The parameters dictionary contains a null entry for parameter &apos;ModelID&apos; of non-nullable type &apos;System.Int32&apos; for method &apos;System.Collections.Generic.List`1[Swagger.Models.Version] Version" classname="Int32)&apos; in &apos;Swagger.Controllers.OnlineChallengeController&apos;. An optional parameter must be a reference type, a nullable type, or be declared as an optional parameter.&quot; |" time="0">
    <skipped/>
  </testcase>
  <testcase name="| &quot;/api/OnlineChallenge/Version&quot; | &quot;ModelID&quot; | &quot;The request is invalid.&quot; | &quot;The parameters dictionary contains a null entry for parameter &apos;ModelID&apos; of non-nullable type &apos;System.Int32&apos; for method &apos;System.Collections.Generic.List`1[Swagger.Models.Version] Version" classname="| &quot;/api/OnlineChallenge/Version&quot; | &quot;ModelID&quot; | &quot;The request is invalid.&quot; | &quot;The parameters dictionary contains a null entry for parameter &apos;ModelID&apos; of non-nullable type &apos;System.Int32&apos; for method &apos;System.Collections.Generic.List`1[Swagger.Models.Version] Version(Int32)&apos; in &apos;Swagger.Controllers.OnlineChallengeController&apos;. An optional parameter must be a reference type, a nullable type, or be declared as an optional parameter.&quot; |" time="0">
    <skipped/>
    <system-out><![CDATA[*** Fim dos testes
]]></system-out>
  </testcase>
  <testcase name="| &quot;/api/OnlineChallenge/Version&quot; | &quot;ModelID&quot; | &quot;The request is invalid.&quot; | &quot;The parameters dictionary contains a null entry for parameter &apos;ModelID&apos; of non-nullable type &apos;System.Int32&apos; for method &apos;System.Collections.Generic.List`1[Swagger.Models.Version] Version" classname="| &quot;/api/OnlineChallenge/Version&quot; | &quot;ModelID&quot; | &quot;The request is invalid.&quot; | &quot;The parameters dictionary contains a null entry for parameter &apos;ModelID&apos; of non-nullable type &apos;System.Int32&apos; for method &apos;System.Collections.Generic.List`1[Swagger.Models.Version] Version(Int32)&apos; in &apos;Swagger.Controllers.OnlineChallengeController&apos;. An optional parameter must be a reference type, a nullable type, or be declared as an optional parameter.&quot; |" time="0.003"/>
</testsuite>